<?xml version="1.0" encoding="UTF-8"?>
<testng-results skipped="0" failed="0" ignored="0" total="2" passed="2">
  <reporter-output>
    <line>
      <![CDATA[|PASS  Verifying reservation is successfful]]>
    </line>
    <line>
      <![CDATA[|Actual value = My reservations]]>
    </line>
    <line>
      <![CDATA[|Expected value = My reservations]]>
    </line>
    <line>
      <![CDATA[PASS]]>
    </line>
    <line>
      <![CDATA[|PASS  Verifying reservation is successfful]]>
    </line>
    <line>
      <![CDATA[|Actual value = My reservations]]>
    </line>
    <line>
      <![CDATA[|Expected value = My reservations]]>
    </line>
    <line>
      <![CDATA[PASS]]>
    </line>
  </reporter-output>
  <suite name="TestSuite" duration-ms="47245" started-at="2017-03-17T14:05:29Z" finished-at="2017-03-17T14:06:16Z">
    <groups>
    </groups>
    <test name="Chrome Test" duration-ms="26602" started-at="2017-03-17T14:05:29Z" finished-at="2017-03-17T14:05:56Z">
      <class name="com.restaurants.smoke.Tests">
        <test-method status="PASS" signature="beforeClass(java.lang.String)[pri:0, instance:com.restaurants.smoke.Tests@20322d26]" name="beforeClass" is-config="true" duration-ms="8856" started-at="2017-03-17T15:05:29Z" finished-at="2017-03-17T15:05:38Z">
          <params>
            <param index="0">
              <value>
                <![CDATA[chrome]]>
              </value>
            </param>
          </params>
          <reporter-output>
          </reporter-output>
        </test-method> <!-- beforeClass -->
        <test-method status="PASS" signature="restaurantsSmokeTest()[pri:0, instance:com.restaurants.smoke.Tests@20322d26]" name="restaurantsSmokeTest" duration-ms="17647" started-at="2017-03-17T15:05:38Z" finished-at="2017-03-17T15:05:56Z">
          <reporter-output>
            <line>
              <![CDATA[|PASS  Verifying reservation is successfful]]>
            </line>
            <line>
              <![CDATA[|Actual value = My reservations]]>
            </line>
            <line>
              <![CDATA[|Expected value = My reservations]]>
            </line>
          </reporter-output>
        </test-method> <!-- restaurantsSmokeTest -->
        <test-method status="PASS" signature="writeResult(org.testng.ITestResult)[pri:0, instance:com.restaurants.smoke.Tests@20322d26]" name="writeResult" is-config="true" duration-ms="1" started-at="2017-03-17T15:05:56Z" finished-at="2017-03-17T15:05:56Z">
          <params>
            <param index="0">
              <value>
                <![CDATA[[TestResult name=restaurantsSmokeTest status=SUCCESS method=Tests.restaurantsSmokeTest()[pri:0, instance:com.restaurants.smoke.Tests@20322d26] output=|PASS  Verifying reservation is successfful]]]>
              </value>
            </param>
          </params>
          <reporter-output>
            <line>
              <![CDATA[PASS]]>
            </line>
          </reporter-output>
        </test-method> <!-- writeResult -->
        <test-method status="PASS" signature="close()[pri:0, instance:com.restaurants.smoke.Tests@20322d26]" name="close" is-config="true" duration-ms="72" started-at="2017-03-17T15:05:56Z" finished-at="2017-03-17T15:05:56Z">
          <reporter-output>
          </reporter-output>
        </test-method> <!-- close -->
      </class> <!-- com.restaurants.smoke.Tests -->
    </test> <!-- Chrome Test -->
    <test name="FireFox Test" duration-ms="20629" started-at="2017-03-17T14:05:56Z" finished-at="2017-03-17T14:06:16Z">
      <class name="com.restaurants.smoke.Tests">
        <test-method status="PASS" signature="beforeClass(java.lang.String)[pri:0, instance:com.restaurants.smoke.Tests@5383967b]" name="beforeClass" is-config="true" duration-ms="7423" started-at="2017-03-17T15:05:56Z" finished-at="2017-03-17T15:06:03Z">
          <params>
            <param index="0">
              <value>
                <![CDATA[firefox]]>
              </value>
            </param>
          </params>
          <reporter-output>
          </reporter-output>
        </test-method> <!-- beforeClass -->
        <test-method status="PASS" signature="restaurantsSmokeTest()[pri:0, instance:com.restaurants.smoke.Tests@5383967b]" name="restaurantsSmokeTest" duration-ms="12924" started-at="2017-03-17T15:06:03Z" finished-at="2017-03-17T15:06:16Z">
          <reporter-output>
            <line>
              <![CDATA[|PASS  Verifying reservation is successfful]]>
            </line>
            <line>
              <![CDATA[|Actual value = My reservations]]>
            </line>
            <line>
              <![CDATA[|Expected value = My reservations]]>
            </line>
          </reporter-output>
        </test-method> <!-- restaurantsSmokeTest -->
        <test-method status="PASS" signature="close()[pri:0, instance:com.restaurants.smoke.Tests@5383967b]" name="close" is-config="true" duration-ms="277" started-at="2017-03-17T15:06:16Z" finished-at="2017-03-17T15:06:16Z">
          <reporter-output>
          </reporter-output>
        </test-method> <!-- close -->
        <test-method status="PASS" signature="writeResult(org.testng.ITestResult)[pri:0, instance:com.restaurants.smoke.Tests@5383967b]" name="writeResult" is-config="true" duration-ms="0" started-at="2017-03-17T15:06:16Z" finished-at="2017-03-17T15:06:16Z">
          <params>
            <param index="0">
              <value>
                <![CDATA[[TestResult name=restaurantsSmokeTest status=SUCCESS method=Tests.restaurantsSmokeTest()[pri:0, instance:com.restaurants.smoke.Tests@5383967b] output=|PASS  Verifying reservation is successfful]]]>
              </value>
            </param>
          </params>
          <reporter-output>
            <line>
              <![CDATA[PASS]]>
            </line>
          </reporter-output>
        </test-method> <!-- writeResult -->
      </class> <!-- com.restaurants.smoke.Tests -->
    </test> <!-- FireFox Test -->
  </suite> <!-- TestSuite -->
</testng-results>
