<?xml version="1.0" encoding="UTF-8"?>
<testng-results skipped="0" failed="2" ignored="0" total="2" passed="0">
  <reporter-output>
    <line>
      <![CDATA[Application Starting...]]>
    </line>
    <line>
      <![CDATA[Click on restaurant]]>
    </line>
    <line>
      <![CDATA[|Actual value = My reservations]]>
    </line>
    <line>
      <![CDATA[|Expected value = My reservationsxx]]>
    </line>
    <line>
      <![CDATA[FAIL]]>
    </line>
    <line>
      <![CDATA[Application Starting...]]>
    </line>
    <line>
      <![CDATA[Click on restaurant]]>
    </line>
    <line>
      <![CDATA[|Actual value = My reservations]]>
    </line>
    <line>
      <![CDATA[|Expected value = My reservationsxx]]>
    </line>
    <line>
      <![CDATA[FAIL]]>
    </line>
  </reporter-output>
  <suite name="TestSuite" duration-ms="77098" started-at="2017-03-22T14:55:13Z" finished-at="2017-03-22T14:56:30Z">
    <groups>
    </groups>
    <test name="Chrome Test" duration-ms="25393" started-at="2017-03-22T14:55:13Z" finished-at="2017-03-22T14:55:38Z">
      <class name="com.restaurants.smoke.Tests">
        <test-method status="PASS" signature="beforeClass(java.lang.String)[pri:0, instance:com.restaurants.smoke.Tests@dc24521]" name="beforeClass" is-config="true" duration-ms="11070" started-at="2017-03-22T15:55:13Z" finished-at="2017-03-22T15:55:24Z">
          <params>
            <param index="0">
              <value>
                <![CDATA[chrome]]>
              </value>
            </param>
          </params>
          <reporter-output>
            <line>
              <![CDATA[Application Starting...]]>
            </line>
          </reporter-output>
        </test-method> <!-- beforeClass -->
        <test-method status="FAIL" signature="restaurantsSmokeTest()[pri:0, instance:com.restaurants.smoke.Tests@dc24521]" name="restaurantsSmokeTest" duration-ms="13038" started-at="2017-03-22T15:55:24Z" finished-at="2017-03-22T15:55:37Z">
          <exception class="java.lang.AssertionError">
            <message>
              <![CDATA[null]]>
            </message>
            <full-stacktrace>
              <![CDATA[java.lang.AssertionError: null
	at org.testng.Assert.fail(Assert.java:94)
	at org.testng.Assert.fail(Assert.java:101)
	at com.restaurants.smoke.Restaurants.verifyReservationIsCreated(Restaurants.java:165)
	at com.restaurants.smoke.Tests.restaurantsSmokeTest(Tests.java:103)
	at sun.reflect.NativeMethodAccessorImpl.invoke0(Native Method)
	at sun.reflect.NativeMethodAccessorImpl.invoke(NativeMethodAccessorImpl.java:62)
	at sun.reflect.DelegatingMethodAccessorImpl.invoke(DelegatingMethodAccessorImpl.java:43)
	at java.lang.reflect.Method.invoke(Method.java:498)
	at org.testng.internal.MethodInvocationHelper.invokeMethod(MethodInvocationHelper.java:104)
	at org.testng.internal.Invoker.invokeMethod(Invoker.java:645)
	at org.testng.internal.Invoker.invokeTestMethod(Invoker.java:851)
	at org.testng.internal.Invoker.invokeTestMethods(Invoker.java:1177)
	at org.testng.internal.TestMethodWorker.invokeTestMethods(TestMethodWorker.java:129)
	at org.testng.internal.TestMethodWorker.run(TestMethodWorker.java:112)
	at java.util.concurrent.ThreadPoolExecutor.runWorker(ThreadPoolExecutor.java:1142)
	at java.util.concurrent.ThreadPoolExecutor$Worker.run(ThreadPoolExecutor.java:617)
	at java.lang.Thread.run(Thread.java:745)
]]>
            </full-stacktrace>
          </exception> <!-- java.lang.AssertionError -->
          <reporter-output>
            <line>
              <![CDATA[Click on restaurant]]>
            </line>
            <line>
              <![CDATA[|Actual value = My reservations]]>
            </line>
            <line>
              <![CDATA[|Expected value = My reservationsxx]]>
            </line>
          </reporter-output>
        </test-method> <!-- restaurantsSmokeTest -->
        <test-method status="FAIL" signature="writeResult(org.testng.ITestResult)[pri:0, instance:com.restaurants.smoke.Tests@dc24521]" name="writeResult" is-config="true" duration-ms="0" started-at="2017-03-22T15:55:37Z" finished-at="2017-03-22T15:55:37Z">
          <params>
            <param index="0">
              <value>
                <![CDATA[[TestResult name=restaurantsSmokeTest status=FAILURE method=Tests.restaurantsSmokeTest()[pri:0, instance:com.restaurants.smoke.Tests@dc24521] output=Click on restaurant]]]>
              </value>
            </param>
          </params>
          <exception class="java.io.IOException">
            <message>
              <![CDATA[Destination '/smoke/reports' directory cannot be created]]>
            </message>
            <full-stacktrace>
              <![CDATA[java.io.IOException: Destination '/smoke/reports' directory cannot be created
	at org.apache.commons.io.FileUtils.copyFile(FileUtils.java:1082)
	at org.apache.commons.io.FileUtils.copyFile(FileUtils.java:1040)
	at com.restaurants.smoke.Screenshots.takeScreenshot(Screenshots.java:16)
	at com.restaurants.smoke.Tests.writeResult(Tests.java:121)
	at sun.reflect.NativeMethodAccessorImpl.invoke0(Native Method)
	at sun.reflect.NativeMethodAccessorImpl.invoke(NativeMethodAccessorImpl.java:62)
	at sun.reflect.DelegatingMethodAccessorImpl.invoke(DelegatingMethodAccessorImpl.java:43)
	at java.lang.reflect.Method.invoke(Method.java:498)
	at org.testng.internal.MethodInvocationHelper.invokeMethod(MethodInvocationHelper.java:104)
	at org.testng.internal.Invoker.invokeConfigurationMethod(Invoker.java:515)
	at org.testng.internal.Invoker.invokeConfigurations(Invoker.java:217)
	at org.testng.internal.Invoker.invokeMethod(Invoker.java:712)
	at org.testng.internal.Invoker.invokeTestMethod(Invoker.java:851)
	at org.testng.internal.Invoker.invokeTestMethods(Invoker.java:1177)
	at org.testng.internal.TestMethodWorker.invokeTestMethods(TestMethodWorker.java:129)
	at org.testng.internal.TestMethodWorker.run(TestMethodWorker.java:112)
	at java.util.concurrent.ThreadPoolExecutor.runWorker(ThreadPoolExecutor.java:1142)
	at java.util.concurrent.ThreadPoolExecutor$Worker.run(ThreadPoolExecutor.java:617)
	at java.lang.Thread.run(Thread.java:745)
]]>
            </full-stacktrace>
          </exception> <!-- java.io.IOException -->
          <reporter-output>
            <line>
              <![CDATA[FAIL]]>
            </line>
          </reporter-output>
        </test-method> <!-- writeResult -->
        <test-method status="SKIP" signature="close()[pri:0, instance:com.restaurants.smoke.Tests@dc24521]" name="close" is-config="true" duration-ms="0" started-at="2017-03-22T15:55:38Z" finished-at="2017-03-22T15:55:38Z">
          <reporter-output>
          </reporter-output>
        </test-method> <!-- close -->
      </class> <!-- com.restaurants.smoke.Tests -->
    </test> <!-- Chrome Test -->
    <test name="FireFox Test" duration-ms="51593" started-at="2017-03-22T14:55:38Z" finished-at="2017-03-22T14:56:30Z">
      <class name="com.restaurants.smoke.Tests">
        <test-method status="PASS" signature="beforeClass(java.lang.String)[pri:0, instance:com.restaurants.smoke.Tests@3632be31]" name="beforeClass" is-config="true" duration-ms="37783" started-at="2017-03-22T15:55:38Z" finished-at="2017-03-22T15:56:16Z">
          <params>
            <param index="0">
              <value>
                <![CDATA[firefox]]>
              </value>
            </param>
          </params>
          <reporter-output>
            <line>
              <![CDATA[Application Starting...]]>
            </line>
          </reporter-output>
        </test-method> <!-- beforeClass -->
        <test-method status="FAIL" signature="restaurantsSmokeTest()[pri:0, instance:com.restaurants.smoke.Tests@3632be31]" name="restaurantsSmokeTest" duration-ms="13638" started-at="2017-03-22T15:56:16Z" finished-at="2017-03-22T15:56:30Z">
          <exception class="java.lang.AssertionError">
            <message>
              <![CDATA[null]]>
            </message>
            <full-stacktrace>
              <![CDATA[java.lang.AssertionError: null
	at org.testng.Assert.fail(Assert.java:94)
	at org.testng.Assert.fail(Assert.java:101)
	at com.restaurants.smoke.Restaurants.verifyReservationIsCreated(Restaurants.java:165)
	at com.restaurants.smoke.Tests.restaurantsSmokeTest(Tests.java:103)
	at sun.reflect.NativeMethodAccessorImpl.invoke0(Native Method)
	at sun.reflect.NativeMethodAccessorImpl.invoke(NativeMethodAccessorImpl.java:62)
	at sun.reflect.DelegatingMethodAccessorImpl.invoke(DelegatingMethodAccessorImpl.java:43)
	at java.lang.reflect.Method.invoke(Method.java:498)
	at org.testng.internal.MethodInvocationHelper.invokeMethod(MethodInvocationHelper.java:104)
	at org.testng.internal.Invoker.invokeMethod(Invoker.java:645)
	at org.testng.internal.Invoker.invokeTestMethod(Invoker.java:851)
	at org.testng.internal.Invoker.invokeTestMethods(Invoker.java:1177)
	at org.testng.internal.TestMethodWorker.invokeTestMethods(TestMethodWorker.java:129)
	at org.testng.internal.TestMethodWorker.run(TestMethodWorker.java:112)
	at java.util.concurrent.ThreadPoolExecutor.runWorker(ThreadPoolExecutor.java:1142)
	at java.util.concurrent.ThreadPoolExecutor$Worker.run(ThreadPoolExecutor.java:617)
	at java.lang.Thread.run(Thread.java:745)
]]>
            </full-stacktrace>
          </exception> <!-- java.lang.AssertionError -->
          <reporter-output>
            <line>
              <![CDATA[Click on restaurant]]>
            </line>
            <line>
              <![CDATA[|Actual value = My reservations]]>
            </line>
            <line>
              <![CDATA[|Expected value = My reservationsxx]]>
            </line>
          </reporter-output>
        </test-method> <!-- restaurantsSmokeTest -->
        <test-method status="FAIL" signature="writeResult(org.testng.ITestResult)[pri:0, instance:com.restaurants.smoke.Tests@3632be31]" name="writeResult" is-config="true" duration-ms="0" started-at="2017-03-22T15:56:30Z" finished-at="2017-03-22T15:56:30Z">
          <params>
            <param index="0">
              <value>
                <![CDATA[[TestResult name=restaurantsSmokeTest status=FAILURE method=Tests.restaurantsSmokeTest()[pri:0, instance:com.restaurants.smoke.Tests@3632be31] output=Click on restaurant]]]>
              </value>
            </param>
          </params>
          <exception class="java.io.IOException">
            <message>
              <![CDATA[Destination '/smoke/reports' directory cannot be created]]>
            </message>
            <full-stacktrace>
              <![CDATA[java.io.IOException: Destination '/smoke/reports' directory cannot be created
	at org.apache.commons.io.FileUtils.copyFile(FileUtils.java:1082)
	at org.apache.commons.io.FileUtils.copyFile(FileUtils.java:1040)
	at com.restaurants.smoke.Screenshots.takeScreenshot(Screenshots.java:16)
	at com.restaurants.smoke.Tests.writeResult(Tests.java:121)
	at sun.reflect.NativeMethodAccessorImpl.invoke0(Native Method)
	at sun.reflect.NativeMethodAccessorImpl.invoke(NativeMethodAccessorImpl.java:62)
	at sun.reflect.DelegatingMethodAccessorImpl.invoke(DelegatingMethodAccessorImpl.java:43)
	at java.lang.reflect.Method.invoke(Method.java:498)
	at org.testng.internal.MethodInvocationHelper.invokeMethod(MethodInvocationHelper.java:104)
	at org.testng.internal.Invoker.invokeConfigurationMethod(Invoker.java:515)
	at org.testng.internal.Invoker.invokeConfigurations(Invoker.java:217)
	at org.testng.internal.Invoker.invokeMethod(Invoker.java:712)
	at org.testng.internal.Invoker.invokeTestMethod(Invoker.java:851)
	at org.testng.internal.Invoker.invokeTestMethods(Invoker.java:1177)
	at org.testng.internal.TestMethodWorker.invokeTestMethods(TestMethodWorker.java:129)
	at org.testng.internal.TestMethodWorker.run(TestMethodWorker.java:112)
	at java.util.concurrent.ThreadPoolExecutor.runWorker(ThreadPoolExecutor.java:1142)
	at java.util.concurrent.ThreadPoolExecutor$Worker.run(ThreadPoolExecutor.java:617)
	at java.lang.Thread.run(Thread.java:745)
]]>
            </full-stacktrace>
          </exception> <!-- java.io.IOException -->
          <reporter-output>
            <line>
              <![CDATA[FAIL]]>
            </line>
          </reporter-output>
        </test-method> <!-- writeResult -->
        <test-method status="SKIP" signature="close()[pri:0, instance:com.restaurants.smoke.Tests@3632be31]" name="close" is-config="true" duration-ms="0" started-at="2017-03-22T15:56:30Z" finished-at="2017-03-22T15:56:30Z">
          <reporter-output>
          </reporter-output>
        </test-method> <!-- close -->
      </class> <!-- com.restaurants.smoke.Tests -->
    </test> <!-- FireFox Test -->
  </suite> <!-- TestSuite -->
</testng-results>
