<?xml version="1.0" encoding="UTF-8"?>
<!-- Generated by org.testng.reporters.JUnitXMLReporter -->
<testsuite hostname="anita-X550LD" ignored="0" name="Chrome Test" tests="1" failures="1" timestamp="22 Mar 2017 21:35:16 GMT" time="40.553" errors="0">
  <testcase name="restaurantsSmokeTest" time="12.847" classname="com.restaurants.smoke.Tests">
    <failure type="java.lang.AssertionError" message="null">
      <![CDATA[java.lang.AssertionError: null
	at com.restaurants.smoke.Restaurants.verifyReservationIsCreated(Restaurants.java:165)
	at com.restaurants.smoke.Tests.restaurantsSmokeTest(Tests.java:111)
	at java.util.concurrent.ThreadPoolExecutor.runWorker(ThreadPoolExecutor.java:1142)
	at java.util.concurrent.ThreadPoolExecutor$Worker.run(ThreadPoolExecutor.java:617)
	at java.lang.Thread.run(Thread.java:745)
... Removed 12 stack frames]]>
    </failure>
  </testcase> <!-- restaurantsSmokeTest -->
</testsuite> <!-- Chrome Test -->
