<?xml version="1.0" encoding="UTF-8"?>
<!-- Generated by org.testng.reporters.JUnitXMLReporter -->
<testsuite hostname="anita-X550LD" ignored="0" name="Default test" tests="1" failures="0" timestamp="03 Mar 2017 14:06:26 GMT" time="0.069" errors="0">
  <testcase name="@BeforeClass beforeClass" time="0.0" classname="com.restaurants.smoke.Tests">
    <failure type="org.testng.TestNGException" message="
Parameter &amp;apos;browserType&amp;apos; is required by BeforeClass on method beforeClass but has not been marked @Optional or defined
in /tmp/testng-eclipse--1740875309/testng-customsuite.xml">
      <![CDATA[org.testng.TestNGException: 
Parameter 'browserType' is required by BeforeClass on method beforeClass but has not been marked @Optional or defined
in /tmp/testng-eclipse--1740875309/testng-customsuite.xml
	at org.testng.internal.Parameters.createParameters(Parameters.java:199)
	at org.testng.internal.Parameters.createParameters(Parameters.java:443)
	at org.testng.internal.Parameters.createConfigurationParameters(Parameters.java:118)
	at org.testng.internal.Invoker.invokeConfigurations(Invoker.java:203)
	at org.testng.internal.Invoker.invokeConfigurations(Invoker.java:144)
	at org.testng.internal.TestMethodWorker.invokeBeforeClassMethods(TestMethodWorker.java:169)
	at org.testng.internal.TestMethodWorker.run(TestMethodWorker.java:108)
	at java.util.concurrent.ThreadPoolExecutor.runWorker(ThreadPoolExecutor.java:1142)
	at java.util.concurrent.ThreadPoolExecutor$Worker.run(ThreadPoolExecutor.java:617)
	at java.lang.Thread.run(Thread.java:745)
]]>
    </failure>
  </testcase> <!-- @BeforeClass beforeClass -->
  <testcase name="@AfterMethod writeResult" time="0.0" classname="com.restaurants.smoke.Tests">
    <skipped/>
  </testcase> <!-- @AfterMethod writeResult -->
  <testcase name="@AfterClass close" time="0.0" classname="com.restaurants.smoke.Tests">
    <skipped/>
  </testcase> <!-- @AfterClass close -->
  <testcase name="restaurantsSmokeTest" time="0.014" classname="com.restaurants.smoke.Tests">
    <skipped/>
  </testcase> <!-- restaurantsSmokeTest -->
</testsuite> <!-- Default test -->
