<?xml version="1.0" encoding="UTF-8"?>
<!-- Generated by org.testng.reporters.JUnitXMLReporter -->
<testsuite hostname="anita-X550LD" name="FireFox Test" tests="1" failures="0" timestamp="6 Mar 2017 01:04:03 GMT" time="45.676" errors="0">
  <testcase name="@BeforeClass beforeClass" time="0.0" classname="com.restaurants.smoke.Tests">
    <failure type="org.openqa.selenium.WebDriverException" message="Failed to connect to binary FirefoxBinary(/usr/bin/firefox) on port 7055; process output follows: 
ription&amp;quot;:&amp;quot;Ubuntu 火狐扩展包.&amp;quot;,&amp;quot;creator&amp;quot;:&amp;quot;Canonical Ltd.&amp;quot;,&amp;quot;homepageURL&amp;quot;:null},{&amp;quot;locales&amp;quot;:[&amp;quot;zh-TW&amp;quot;],&amp;quot;name&amp;quot;:&amp;quot;Ubuntu Modifications&amp;quot;,&amp;quot;description&amp;quot;:&amp;quot;Ubuntu Firefox 擴充包。&amp;quot;,&amp;quot;creator&amp;quot;:&amp;quot;Canonical Ltd.&amp;quot;,&amp;quot;homepageURL&amp;quot;:null}],&amp;quot;targetApplications&amp;quot;:[{&amp;quot;id&amp;quot;:&amp;quot;{ec8030f7-c20a-464f-9b0e-13a3a9e97384}&amp;quot;,&amp;quot;minVersion&amp;quot;:&amp;quot;9.0&amp;quot;,&amp;quot;maxVersion&amp;quot;:&amp;quot;37.0a1&amp;quot;}],&amp;quot;targetPlatforms&amp;quot;:[],&amp;quot;multiprocessCompatible&amp;quot;:false,&amp;quot;signedState&amp;quot;:2,&amp;quot;seen&amp;quot;:true,&amp;quot;dependencies&amp;quot;:[],&amp;quot;hasEmbeddedWebExtension&amp;quot;:false,&amp;quot;mpcOptedOut&amp;quot;:false}
1488762201256	DeferredSave.extensions.json	DEBUG	Save changes
1488762201256	addons.xpi	DEBUG	Updating database with changes to installed add-ons
1488762201256	addons.xpi-utils	DEBUG	Updating add-on states
1488762201257	addons.xpi-utils	DEBUG	Writing add-ons list
1488762201259	addons.xpi	DEBUG	Registering manifest for /usr/lib/firefox/browser/features/aushelper@mozilla.org.xpi
1488762201259	addons.xpi	DEBUG	Calling bootstrap method startup on aushelper@mozilla.org version 1.0
1488762201260	addons.xpi	DEBUG	Registering manifest for /usr/lib/firefox/browser/features/e10srollout@mozilla.org.xpi
1488762201260	addons.xpi	DEBUG	Calling bootstrap method startup on e10srollout@mozilla.org version 1.7
1488762201261	addons.xpi	DEBUG	Registering manifest for /usr/lib/firefox/browser/features/firefox@getpocket.com.xpi
1488762201261	addons.xpi	DEBUG	Calling bootstrap method startup on firefox@getpocket.com version 1.0.5
1488762201262	addons.xpi	DEBUG	Registering manifest for /usr/lib/firefox/browser/extensions/langpack-bs@firefox.mozilla.org.xpi
1488762201264	addons.xpi	DEBUG	Registering manifest for /usr/lib/firefox/browser/extensions/langpack-en-GB@firefox.mozilla.org.xpi
1488762201265	addons.xpi	DEBUG	Registering manifest for /usr/lib/firefox/browser/extensions/langpack-en-ZA@firefox.mozilla.org.xpi
1488762201267	addons.xpi	DEBUG	Registering manifest for /usr/lib/firefox/browser/features/webcompat@mozilla.org.xpi
1488762201267	addons.xpi	DEBUG	Calling bootstrap method startup on webcompat@mozilla.org version 1.0
1488762201289	addons.manager	DEBUG	Registering shutdown blocker for XPIProvider
1488762201290	addons.manager	DEBUG	Provider finished startup: XPIProvider
1488762201290	addons.manager	DEBUG	Starting provider: LightweightThemeManager
1488762201290	addons.manager	DEBUG	Registering shutdown blocker for LightweightThemeManager
1488762201290	addons.manager	DEBUG	Provider finished startup: LightweightThemeManager
1488762201290	addons.manager	DEBUG	Starting provider: GMPProvider
1488762201314	addons.manager	DEBUG	Registering shutdown blocker for GMPProvider
1488762201315	addons.manager	DEBUG	Provider finished startup: GMPProvider
1488762201315	addons.manager	DEBUG	Starting provider: PluginProvider
1488762201315	addons.manager	DEBUG	Registering shutdown blocker for PluginProvider
1488762201315	addons.manager	DEBUG	Provider finished startup: PluginProvider
1488762201316	addons.manager	DEBUG	Completed startup sequence
1488762203410	addons.manager	DEBUG	Starting provider: &amp;lt;unnamed-provider&amp;gt;
1488762203410	addons.manager	DEBUG	Registering shutdown blocker for &amp;lt;unnamed-provider&amp;gt;
1488762203411	addons.manager	DEBUG	Provider finished startup: &amp;lt;unnamed-provider&amp;gt;
1488762203550	DeferredSave.extensions.json	DEBUG	Write succeeded
1488762203550	addons.xpi-utils	DEBUG	XPI Database saved, setting schema version preference to 19
1488762203550	DeferredSave.extensions.json	DEBUG	Starting timer
1488762203561	addons.repository	DEBUG	No addons.json found.
1488762203562	DeferredSave.addons.json	DEBUG	Save changes
1488762203564	DeferredSave.addons.json	DEBUG	Starting timer
1488762203691	addons.manager	DEBUG	Starting provider: PreviousExperimentProvider
1488762203691	addons.manager	DEBUG	Registering shutdown blocker for PreviousExperimentProvider
1488762203691	addons.manager	DEBUG	Provider finished startup: PreviousExperimentProvider
1488762203709	DeferredSave.extensions.json	DEBUG	Starting write
1488762203710	DeferredSave.addons.json	DEBUG	Starting write
1488762203735	DeferredSave.extensions.json	DEBUG	Write succeeded
1488762203738	DeferredSave.addons.json	DEBUG	Write succeeded

Build info: version: &amp;apos;2.53.0&amp;apos;, revision: &amp;apos;35ae25b&amp;apos;, time: &amp;apos;2016-03-15 17:00:58&amp;apos;
System info: host: &amp;apos;anita-X550LD&amp;apos;, ip: &amp;apos;127.0.1.1&amp;apos;, os.name: &amp;apos;Linux&amp;apos;, os.arch: &amp;apos;amd64&amp;apos;, os.version: &amp;apos;4.4.0-65-generic&amp;apos;, java.version: &amp;apos;1.8.0_121&amp;apos;
Driver info: driver.version: FirefoxDriver">
      <![CDATA[org.openqa.selenium.WebDriverException: Failed to connect to binary FirefoxBinary(/usr/bin/firefox) on port 7055; process output follows: 
ription":"Ubuntu 火狐扩展包.","creator":"Canonical Ltd.","homepageURL":null},{"locales":["zh-TW"],"name":"Ubuntu Modifications","description":"Ubuntu Firefox 擴充包。","creator":"Canonical Ltd.","homepageURL":null}],"targetApplications":[{"id":"{ec8030f7-c20a-464f-9b0e-13a3a9e97384}","minVersion":"9.0","maxVersion":"37.0a1"}],"targetPlatforms":[],"multiprocessCompatible":false,"signedState":2,"seen":true,"dependencies":[],"hasEmbeddedWebExtension":false,"mpcOptedOut":false}
1488762201256	DeferredSave.extensions.json	DEBUG	Save changes
1488762201256	addons.xpi	DEBUG	Updating database with changes to installed add-ons
1488762201256	addons.xpi-utils	DEBUG	Updating add-on states
1488762201257	addons.xpi-utils	DEBUG	Writing add-ons list
1488762201259	addons.xpi	DEBUG	Registering manifest for /usr/lib/firefox/browser/features/aushelper@mozilla.org.xpi
1488762201259	addons.xpi	DEBUG	Calling bootstrap method startup on aushelper@mozilla.org version 1.0
1488762201260	addons.xpi	DEBUG	Registering manifest for /usr/lib/firefox/browser/features/e10srollout@mozilla.org.xpi
1488762201260	addons.xpi	DEBUG	Calling bootstrap method startup on e10srollout@mozilla.org version 1.7
1488762201261	addons.xpi	DEBUG	Registering manifest for /usr/lib/firefox/browser/features/firefox@getpocket.com.xpi
1488762201261	addons.xpi	DEBUG	Calling bootstrap method startup on firefox@getpocket.com version 1.0.5
1488762201262	addons.xpi	DEBUG	Registering manifest for /usr/lib/firefox/browser/extensions/langpack-bs@firefox.mozilla.org.xpi
1488762201264	addons.xpi	DEBUG	Registering manifest for /usr/lib/firefox/browser/extensions/langpack-en-GB@firefox.mozilla.org.xpi
1488762201265	addons.xpi	DEBUG	Registering manifest for /usr/lib/firefox/browser/extensions/langpack-en-ZA@firefox.mozilla.org.xpi
1488762201267	addons.xpi	DEBUG	Registering manifest for /usr/lib/firefox/browser/features/webcompat@mozilla.org.xpi
1488762201267	addons.xpi	DEBUG	Calling bootstrap method startup on webcompat@mozilla.org version 1.0
1488762201289	addons.manager	DEBUG	Registering shutdown blocker for XPIProvider
1488762201290	addons.manager	DEBUG	Provider finished startup: XPIProvider
1488762201290	addons.manager	DEBUG	Starting provider: LightweightThemeManager
1488762201290	addons.manager	DEBUG	Registering shutdown blocker for LightweightThemeManager
1488762201290	addons.manager	DEBUG	Provider finished startup: LightweightThemeManager
1488762201290	addons.manager	DEBUG	Starting provider: GMPProvider
1488762201314	addons.manager	DEBUG	Registering shutdown blocker for GMPProvider
1488762201315	addons.manager	DEBUG	Provider finished startup: GMPProvider
1488762201315	addons.manager	DEBUG	Starting provider: PluginProvider
1488762201315	addons.manager	DEBUG	Registering shutdown blocker for PluginProvider
1488762201315	addons.manager	DEBUG	Provider finished startup: PluginProvider
1488762201316	addons.manager	DEBUG	Completed startup sequence
1488762203410	addons.manager	DEBUG	Starting provider: <unnamed-provider>
1488762203410	addons.manager	DEBUG	Registering shutdown blocker for <unnamed-provider>
1488762203411	addons.manager	DEBUG	Provider finished startup: <unnamed-provider>
1488762203550	DeferredSave.extensions.json	DEBUG	Write succeeded
1488762203550	addons.xpi-utils	DEBUG	XPI Database saved, setting schema version preference to 19
1488762203550	DeferredSave.extensions.json	DEBUG	Starting timer
1488762203561	addons.repository	DEBUG	No addons.json found.
1488762203562	DeferredSave.addons.json	DEBUG	Save changes
1488762203564	DeferredSave.addons.json	DEBUG	Starting timer
1488762203691	addons.manager	DEBUG	Starting provider: PreviousExperimentProvider
1488762203691	addons.manager	DEBUG	Registering shutdown blocker for PreviousExperimentProvider
1488762203691	addons.manager	DEBUG	Provider finished startup: PreviousExperimentProvider
1488762203709	DeferredSave.extensions.json	DEBUG	Starting write
1488762203710	DeferredSave.addons.json	DEBUG	Starting write
1488762203735	DeferredSave.extensions.json	DEBUG	Write succeeded
1488762203738	DeferredSave.addons.json	DEBUG	Write succeeded

Build info: version: '2.53.0', revision: '35ae25b', time: '2016-03-15 17:00:58'
System info: host: 'anita-X550LD', ip: '127.0.1.1', os.name: 'Linux', os.arch: 'amd64', os.version: '4.4.0-65-generic', java.version: '1.8.0_121'
Driver info: driver.version: FirefoxDriver
	at org.openqa.selenium.firefox.internal.NewProfileExtensionConnection.start(NewProfileExtensionConnection.java:124)
	at org.openqa.selenium.firefox.FirefoxDriver.startClient(FirefoxDriver.java:271)
	at org.openqa.selenium.remote.RemoteWebDriver.<init>(RemoteWebDriver.java:119)
	at org.openqa.selenium.firefox.FirefoxDriver.<init>(FirefoxDriver.java:218)
	at org.openqa.selenium.firefox.FirefoxDriver.<init>(FirefoxDriver.java:211)
	at org.openqa.selenium.firefox.FirefoxDriver.<init>(FirefoxDriver.java:207)
	at org.openqa.selenium.firefox.FirefoxDriver.<init>(FirefoxDriver.java:120)
	at com.restaurants.smoke.Tests.beforeClass(Tests.java:38)
	at java.util.concurrent.ThreadPoolExecutor.runWorker(ThreadPoolExecutor.java:1142)
	at java.util.concurrent.ThreadPoolExecutor$Worker.run(ThreadPoolExecutor.java:617)
	at java.lang.Thread.run(Thread.java:745)
Caused by: org.openqa.selenium.firefox.NotConnectedException: Unable to connect to host 127.0.0.1 on port 7055 after 45000 ms. Firefox console output:
ription":"Ubuntu 火狐扩展包.","creator":"Canonical Ltd.","homepageURL":null},{"locales":["zh-TW"],"name":"Ubuntu Modifications","description":"Ubuntu Firefox 擴充包。","creator":"Canonical Ltd.","homepageURL":null}],"targetApplications":[{"id":"{ec8030f7-c20a-464f-9b0e-13a3a9e97384}","minVersion":"9.0","maxVersion":"37.0a1"}],"targetPlatforms":[],"multiprocessCompatible":false,"signedState":2,"seen":true,"dependencies":[],"hasEmbeddedWebExtension":false,"mpcOptedOut":false}
1488762201256	DeferredSave.extensions.json	DEBUG	Save changes
1488762201256	addons.xpi	DEBUG	Updating database with changes to installed add-ons
1488762201256	addons.xpi-utils	DEBUG	Updating add-on states
1488762201257	addons.xpi-utils	DEBUG	Writing add-ons list
1488762201259	addons.xpi	DEBUG	Registering manifest for /usr/lib/firefox/browser/features/aushelper@mozilla.org.xpi
1488762201259	addons.xpi	DEBUG	Calling bootstrap method startup on aushelper@mozilla.org version 1.0
1488762201260	addons.xpi	DEBUG	Registering manifest for /usr/lib/firefox/browser/features/e10srollout@mozilla.org.xpi
1488762201260	addons.xpi	DEBUG	Calling bootstrap method startup on e10srollout@mozilla.org version 1.7
1488762201261	addons.xpi	DEBUG	Registering manifest for /usr/lib/firefox/browser/features/firefox@getpocket.com.xpi
1488762201261	addons.xpi	DEBUG	Calling bootstrap method startup on firefox@getpocket.com version 1.0.5
1488762201262	addons.xpi	DEBUG	Registering manifest for /usr/lib/firefox/browser/extensions/langpack-bs@firefox.mozilla.org.xpi
1488762201264	addons.xpi	DEBUG	Registering manifest for /usr/lib/firefox/browser/extensions/langpack-en-GB@firefox.mozilla.org.xpi
1488762201265	addons.xpi	DEBUG	Registering manifest for /usr/lib/firefox/browser/extensions/langpack-en-ZA@firefox.mozilla.org.xpi
1488762201267	addons.xpi	DEBUG	Registering manifest for /usr/lib/firefox/browser/features/webcompat@mozilla.org.xpi
1488762201267	addons.xpi	DEBUG	Calling bootstrap method startup on webcompat@mozilla.org version 1.0
1488762201289	addons.manager	DEBUG	Registering shutdown blocker for XPIProvider
1488762201290	addons.manager	DEBUG	Provider finished startup: XPIProvider
1488762201290	addons.manager	DEBUG	Starting provider: LightweightThemeManager
1488762201290	addons.manager	DEBUG	Registering shutdown blocker for LightweightThemeManager
1488762201290	addons.manager	DEBUG	Provider finished startup: LightweightThemeManager
1488762201290	addons.manager	DEBUG	Starting provider: GMPProvider
1488762201314	addons.manager	DEBUG	Registering shutdown blocker for GMPProvider
1488762201315	addons.manager	DEBUG	Provider finished startup: GMPProvider
1488762201315	addons.manager	DEBUG	Starting provider: PluginProvider
1488762201315	addons.manager	DEBUG	Registering shutdown blocker for PluginProvider
1488762201315	addons.manager	DEBUG	Provider finished startup: PluginProvider
1488762201316	addons.manager	DEBUG	Completed startup sequence
1488762203410	addons.manager	DEBUG	Starting provider: <unnamed-provider>
1488762203410	addons.manager	DEBUG	Registering shutdown blocker for <unnamed-provider>
1488762203411	addons.manager	DEBUG	Provider finished startup: <unnamed-provider>
1488762203550	DeferredSave.extensions.json	DEBUG	Write succeeded
1488762203550	addons.xpi-utils	DEBUG	XPI Database saved, setting schema version preference to 19
1488762203550	DeferredSave.extensions.json	DEBUG	Starting timer
1488762203561	addons.repository	DEBUG	No addons.json found.
1488762203562	DeferredSave.addons.json	DEBUG	Save changes
1488762203564	DeferredSave.addons.json	DEBUG	Starting timer
1488762203691	addons.manager	DEBUG	Starting provider: PreviousExperimentProvider
1488762203691	addons.manager	DEBUG	Registering shutdown blocker for PreviousExperimentProvider
1488762203691	addons.manager	DEBUG	Provider finished startup: PreviousExperimentProvider
1488762203709	DeferredSave.extensions.json	DEBUG	Starting write
1488762203710	DeferredSave.addons.json	DEBUG	Starting write
1488762203735	DeferredSave.extensions.json	DEBUG	Write succeeded
1488762203738	DeferredSave.addons.json	DEBUG	Write succeeded

	at org.openqa.selenium.firefox.internal.NewProfileExtensionConnection.start(NewProfileExtensionConnection.java:112)
	... 20 more
... Removed 10 stack frames]]>
    </failure>
  </testcase> <!-- @BeforeClass beforeClass -->
  <testcase name="@AfterMethod writeResult" time="0.0" classname="com.restaurants.smoke.Tests">
    <skipped/>
  </testcase> <!-- @AfterMethod writeResult -->
  <testcase name="@AfterClass close" time="0.0" classname="com.restaurants.smoke.Tests">
    <skipped/>
  </testcase> <!-- @AfterClass close -->
  <testcase name="restaurantsSmokeTest" time="0.001" classname="com.restaurants.smoke.Tests">
    <skipped/>
  </testcase> <!-- restaurantsSmokeTest -->
</testsuite> <!-- FireFox Test -->
